[2019-08-23 11:55:30.321] [sharedprocess] [info] main {"machineId":"20987ccc47e249554a3ea68fedb6151f64d88edfbd13d6b06515966a8dc6384d"}
[2019-08-23 11:55:30.455] [sharedprocess] [info] Scanned user extensions: 13
[2019-08-23 11:55:30.476] [sharedprocess] [info] Scanned user extensions: 13
[2019-08-23 11:55:30.501] [sharedprocess] [info] Scanned user extensions: 13
[2019-08-23 11:55:30.685] [sharedprocess] [info] Scanned user extensions: 13
[2019-08-23 11:55:30.861] [sharedprocess] [info] Scanned system extensions: 72
[2019-08-23 11:55:31.005] [sharedprocess] [info] Deleted from disk eamodio.gitlens /home/dalamar/.vscode/extensions/eamodio.gitlens-9.8.5
[2019-08-23 11:55:31.049] [sharedprocess] [info] Scanned system extensions: 72
[2019-08-23 11:55:31.080] [sharedprocess] [info] Scanned system extensions: 72
[2019-08-23 11:55:31.084] [sharedprocess] [info] Scanned system extensions: 72
[2019-08-23 11:55:31.218] [sharedprocess] [info] Scanned user extensions: 13
[2019-08-23 11:55:31.267] [sharedprocess] [info] Deleted from disk visualstudioexptteam.vscodeintellicode /home/dalamar/.vscode/extensions/visualstudioexptteam.vscodeintellicode-1.1.7
[2019-08-23 11:55:31.300] [sharedprocess] [info] Deleted from disk humao.rest-client /home/dalamar/.vscode/extensions/humao.rest-client-0.21.3
[2019-08-23 11:55:31.300] [sharedprocess] [info] Scanned user extensions: 13
[2019-08-23 11:55:31.317] [sharedprocess] [info] Deleted from disk vscodevim.vim /home/dalamar/.vscode/extensions/vscodevim.vim-1.8.2
[2019-08-23 11:55:31.321] [sharedprocess] [info] Deleted from disk redhat.vscode-yaml /home/dalamar/.vscode/extensions/redhat.vscode-yaml-0.4.1
[2019-08-23 11:55:31.321] [sharedprocess] [info] Deleted from disk ms-kubernetes-tools.vscode-kubernetes-tools /home/dalamar/.vscode/extensions/ms-kubernetes-tools.vscode-kubernetes-tools-1.0.1
[2019-08-23 11:55:31.333] [sharedprocess] [info] Scanned system extensions: 72
[2019-08-23 11:55:31.333] [sharedprocess] [info] Scanned user extensions: 13
[2019-08-23 11:56:10.277] [sharedprocess] [info] Starting to clean up unused language packs.
[2019-08-23 12:00:31.394] [sharedprocess] [info] Scanned user extensions: 13
