[2019-08-23 12:33:47.662] [exthost] [info] extension host started
[2019-08-23 12:33:47.675] [exthost] [info] ExtensionService#_doActivateExtension vscode.debug-auto-launch {"startup":true,"activationEvent":"*"}
[2019-08-23 12:33:47.675] [exthost] [info] ExtensionService#loadCommonJSModule /nix/store/yxfk9hpsihx00alfi7kvwxnli0b1720n-vscode-1.35.1/lib/vscode/resources/app/extensions/debug-auto-launch/dist/extension
[2019-08-23 12:33:47.678] [exthost] [info] ExtensionService#_doActivateExtension vscode.emmet {"startup":true,"activationEvent":"*"}
[2019-08-23 12:33:47.678] [exthost] [info] ExtensionService#loadCommonJSModule /nix/store/yxfk9hpsihx00alfi7kvwxnli0b1720n-vscode-1.35.1/lib/vscode/resources/app/extensions/emmet/dist/extension
[2019-08-23 12:33:47.691] [exthost] [info] ExtensionService#_doActivateExtension vscode.git {"startup":true,"activationEvent":"*"}
[2019-08-23 12:33:47.691] [exthost] [info] ExtensionService#loadCommonJSModule /nix/store/yxfk9hpsihx00alfi7kvwxnli0b1720n-vscode-1.35.1/lib/vscode/resources/app/extensions/git/dist/main
[2019-08-23 12:33:47.763] [exthost] [info] ExtensionService#_doActivateExtension vscode.merge-conflict {"startup":true,"activationEvent":"*"}
[2019-08-23 12:33:47.763] [exthost] [info] ExtensionService#loadCommonJSModule /nix/store/yxfk9hpsihx00alfi7kvwxnli0b1720n-vscode-1.35.1/lib/vscode/resources/app/extensions/merge-conflict/dist/extension
[2019-08-23 12:33:47.767] [exthost] [info] ExtensionService#_doActivateExtension eamodio.gitlens {"startup":true,"activationEvent":"*"}
[2019-08-23 12:33:47.767] [exthost] [info] ExtensionService#loadCommonJSModule /home/dalamar/.vscode/extensions/eamodio.gitlens-9.9.1/dist/extension
[2019-08-23 12:33:47.876] [exthost] [info] ExtensionService#_doActivateExtension streetsidesoftware.code-spell-checker {"startup":true,"activationEvent":"*"}
[2019-08-23 12:33:47.876] [exthost] [info] ExtensionService#loadCommonJSModule /home/dalamar/.vscode/extensions/streetsidesoftware.code-spell-checker-1.7.17/dist/extension
[2019-08-23 12:33:47.936] [exthost] [info] ExtensionService#_doActivateExtension vscodevim.vim {"startup":true,"activationEvent":"*"}
[2019-08-23 12:33:47.936] [exthost] [info] ExtensionService#loadCommonJSModule /home/dalamar/.vscode/extensions/vscodevim.vim-1.9.0/out/extension
[2019-08-23 12:33:48.164] [exthost] [info] eager extensions activated
[2019-08-23 12:33:54.587] [exthost] [info] ExtensionService#_doActivateExtension vscode.configuration-editing {"startup":false,"activationEvent":"onLanguage:jsonc"}
[2019-08-23 12:33:54.587] [exthost] [info] ExtensionService#loadCommonJSModule /nix/store/yxfk9hpsihx00alfi7kvwxnli0b1720n-vscode-1.35.1/lib/vscode/resources/app/extensions/configuration-editing/dist/extension
[2019-08-23 12:33:54.601] [exthost] [info] ExtensionService#_doActivateExtension vscode.json-language-features {"startup":false,"activationEvent":"onLanguage:jsonc"}
[2019-08-23 12:33:54.601] [exthost] [info] ExtensionService#loadCommonJSModule /nix/store/yxfk9hpsihx00alfi7kvwxnli0b1720n-vscode-1.35.1/lib/vscode/resources/app/extensions/json-language-features/client/dist/jsonMain
[2019-08-23 12:33:54.657] [exthost] [info] ExtensionService#_doActivateExtension vscode.typescript-language-features {"startup":false,"activationEvent":"onLanguage:jsonc"}
[2019-08-23 12:33:54.657] [exthost] [info] ExtensionService#loadCommonJSModule /nix/store/yxfk9hpsihx00alfi7kvwxnli0b1720n-vscode-1.35.1/lib/vscode/resources/app/extensions/typescript-language-features/dist/extension
[2019-08-23 12:34:29.775] [exthost] [info] extension host started
[2019-08-23 12:34:29.788] [exthost] [info] ExtensionService#_doActivateExtension vscode.debug-auto-launch {"startup":true,"activationEvent":"*"}
[2019-08-23 12:34:29.788] [exthost] [info] ExtensionService#loadCommonJSModule /nix/store/yxfk9hpsihx00alfi7kvwxnli0b1720n-vscode-1.35.1/lib/vscode/resources/app/extensions/debug-auto-launch/dist/extension
[2019-08-23 12:34:29.790] [exthost] [info] ExtensionService#_doActivateExtension vscode.emmet {"startup":true,"activationEvent":"*"}
[2019-08-23 12:34:29.790] [exthost] [info] ExtensionService#loadCommonJSModule /nix/store/yxfk9hpsihx00alfi7kvwxnli0b1720n-vscode-1.35.1/lib/vscode/resources/app/extensions/emmet/dist/extension
[2019-08-23 12:34:29.802] [exthost] [info] ExtensionService#_doActivateExtension vscode.git {"startup":true,"activationEvent":"*"}
[2019-08-23 12:34:29.802] [exthost] [info] ExtensionService#loadCommonJSModule /nix/store/yxfk9hpsihx00alfi7kvwxnli0b1720n-vscode-1.35.1/lib/vscode/resources/app/extensions/git/dist/main
[2019-08-23 12:34:29.874] [exthost] [info] ExtensionService#_doActivateExtension vscode.merge-conflict {"startup":true,"activationEvent":"*"}
[2019-08-23 12:34:29.874] [exthost] [info] ExtensionService#loadCommonJSModule /nix/store/yxfk9hpsihx00alfi7kvwxnli0b1720n-vscode-1.35.1/lib/vscode/resources/app/extensions/merge-conflict/dist/extension
[2019-08-23 12:34:29.878] [exthost] [info] ExtensionService#_doActivateExtension eamodio.gitlens {"startup":true,"activationEvent":"*"}
[2019-08-23 12:34:29.878] [exthost] [info] ExtensionService#loadCommonJSModule /home/dalamar/.vscode/extensions/eamodio.gitlens-9.9.1/dist/extension
[2019-08-23 12:34:29.998] [exthost] [info] ExtensionService#_doActivateExtension streetsidesoftware.code-spell-checker {"startup":true,"activationEvent":"*"}
[2019-08-23 12:34:29.998] [exthost] [info] ExtensionService#loadCommonJSModule /home/dalamar/.vscode/extensions/streetsidesoftware.code-spell-checker-1.7.17/dist/extension
[2019-08-23 12:34:30.067] [exthost] [info] ExtensionService#_doActivateExtension vscodevim.vim {"startup":true,"activationEvent":"*"}
[2019-08-23 12:34:30.067] [exthost] [info] ExtensionService#loadCommonJSModule /home/dalamar/.vscode/extensions/vscodevim.vim-1.9.0/out/extension
[2019-08-23 12:34:30.305] [exthost] [info] ExtensionService#_doActivateExtension rust-lang.rust {"startup":true,"activationEvent":"workspaceContains:Cargo.toml"}
[2019-08-23 12:34:30.305] [exthost] [info] ExtensionService#loadCommonJSModule /home/dalamar/.vscode/extensions/rust-lang.rust-0.6.1/out/extension.js
[2019-08-23 12:34:30.374] [exthost] [info] eager extensions activated
[2019-08-23 12:35:47.932] [exthost] [info] ExtensionService#_doActivateExtension vscode.configuration-editing {"startup":false,"activationEvent":"onLanguage:jsonc"}
[2019-08-23 12:35:47.932] [exthost] [info] ExtensionService#loadCommonJSModule /nix/store/yxfk9hpsihx00alfi7kvwxnli0b1720n-vscode-1.35.1/lib/vscode/resources/app/extensions/configuration-editing/dist/extension
[2019-08-23 12:35:47.938] [exthost] [info] ExtensionService#_doActivateExtension vscode.json-language-features {"startup":false,"activationEvent":"onLanguage:jsonc"}
[2019-08-23 12:35:47.938] [exthost] [info] ExtensionService#loadCommonJSModule /nix/store/yxfk9hpsihx00alfi7kvwxnli0b1720n-vscode-1.35.1/lib/vscode/resources/app/extensions/json-language-features/client/dist/jsonMain
[2019-08-23 12:35:48.000] [exthost] [info] ExtensionService#_doActivateExtension vscode.typescript-language-features {"startup":false,"activationEvent":"onLanguage:jsonc"}
[2019-08-23 12:35:48.000] [exthost] [info] ExtensionService#loadCommonJSModule /nix/store/yxfk9hpsihx00alfi7kvwxnli0b1720n-vscode-1.35.1/lib/vscode/resources/app/extensions/typescript-language-features/dist/extension
