[2019-08-23 11:07:22.136] [sharedprocess] [info] main {"machineId":"20987ccc47e249554a3ea68fedb6151f64d88edfbd13d6b06515966a8dc6384d"}
[2019-08-23 11:07:22.266] [sharedprocess] [info] Scanned user extensions: 13
[2019-08-23 11:07:22.287] [sharedprocess] [info] Scanned user extensions: 13
[2019-08-23 11:07:22.292] [sharedprocess] [info] Scanned user extensions: 13
[2019-08-23 11:07:22.312] [sharedprocess] [info] Scanned system extensions: 72
[2019-08-23 11:07:22.318] [sharedprocess] [info] Scanned system extensions: 72
[2019-08-23 11:07:22.327] [sharedprocess] [info] Scanned system extensions: 72
[2019-08-23 11:07:22.402] [sharedprocess] [info] Scanned user extensions: 13
[2019-08-23 11:07:22.408] [sharedprocess] [info] Scanned system extensions: 72
[2019-08-23 11:07:22.616] [sharedprocess] [info] Scanned user extensions: 13
[2019-08-23 11:07:22.623] [sharedprocess] [info] Scanned user extensions: 13
[2019-08-23 11:07:22.674] [sharedprocess] [info] Scanned user extensions: 13
[2019-08-23 11:07:22.696] [sharedprocess] [info] Scanned user extensions: 13
[2019-08-23 11:07:22.714] [sharedprocess] [info] Scanned user extensions: 13
[2019-08-23 11:07:22.720] [sharedprocess] [info] Scanned system extensions: 72
[2019-08-23 11:07:22.726] [sharedprocess] [info] Scanned system extensions: 72
[2019-08-23 11:07:22.884] [sharedprocess] [info] Scanned user extensions: 13
[2019-08-23 11:07:22.895] [sharedprocess] [info] Scanned system extensions: 72
[2019-08-23 11:07:24.169] [sharedprocess] [info] Installing extension: eamodio.gitlens
[2019-08-23 11:07:24.170] [sharedprocess] [info] Installing extension: humao.rest-client
[2019-08-23 11:07:24.170] [sharedprocess] [info] Installing extension: ms-kubernetes-tools.vscode-kubernetes-tools
[2019-08-23 11:07:24.171] [sharedprocess] [info] Installing extension: redhat.vscode-yaml
[2019-08-23 11:07:24.171] [sharedprocess] [info] Installing extension: visualstudioexptteam.vscodeintellicode
[2019-08-23 11:07:24.171] [sharedprocess] [info] Installing extension: vscodevim.vim
[2019-08-23 11:07:24.213] [sharedprocess] [info] Scanned user extensions: 13
[2019-08-23 11:07:24.216] [sharedprocess] [info] Scanned user extensions: 13
[2019-08-23 11:07:24.220] [sharedprocess] [info] Scanned user extensions: 13
[2019-08-23 11:07:24.223] [sharedprocess] [info] Scanned user extensions: 13
[2019-08-23 11:07:24.226] [sharedprocess] [info] Scanned user extensions: 13
[2019-08-23 11:07:24.229] [sharedprocess] [info] Scanned user extensions: 13
[2019-08-23 11:07:24.825] [sharedprocess] [info] Scanned user extensions: 13
[2019-08-23 11:07:24.898] [sharedprocess] [info] Scanned user extensions: 13
[2019-08-23 11:07:24.906] [sharedprocess] [info] Downloaded extension: eamodio.gitlens /tmp/45e5944e-4555-4190-a072-ba3674762fc2
[2019-08-23 11:07:25.196] [sharedprocess] [info] Extracted extension to /home/dalamar/.vscode/extensions/.eamodio.gitlens-9.9.1: eamodio.gitlens
[2019-08-23 11:07:25.197] [sharedprocess] [info] Renamed to /home/dalamar/.vscode/extensions/eamodio.gitlens-9.9.1
[2019-08-23 11:07:25.201] [sharedprocess] [info] Installation completed. eamodio.gitlens
[2019-08-23 11:07:25.214] [sharedprocess] [info] Extensions installed successfully: eamodio.gitlens
[2019-08-23 11:07:25.611] [sharedprocess] [info] Downloaded extension: humao.rest-client /tmp/1d969141-5b3f-4a4d-983a-26e3153da7d2
[2019-08-23 11:07:25.657] [sharedprocess] [info] Extracted extension to /home/dalamar/.vscode/extensions/.humao.rest-client-0.22.0: humao.rest-client
[2019-08-23 11:07:25.657] [sharedprocess] [info] Renamed to /home/dalamar/.vscode/extensions/humao.rest-client-0.22.0
[2019-08-23 11:07:25.657] [sharedprocess] [info] Installation completed. humao.rest-client
[2019-08-23 11:07:25.664] [sharedprocess] [info] Extensions installed successfully: humao.rest-client
[2019-08-23 11:07:25.834] [sharedprocess] [info] Downloaded extension: visualstudioexptteam.vscodeintellicode /tmp/bb8f018d-8d20-42c6-aa46-cfef9675c7e3
[2019-08-23 11:07:25.892] [sharedprocess] [info] Extracted extension to /home/dalamar/.vscode/extensions/.visualstudioexptteam.vscodeintellicode-1.1.9: visualstudioexptteam.vscodeintellicode
[2019-08-23 11:07:25.892] [sharedprocess] [info] Renamed to /home/dalamar/.vscode/extensions/visualstudioexptteam.vscodeintellicode-1.1.9
[2019-08-23 11:07:25.893] [sharedprocess] [info] Installation completed. visualstudioexptteam.vscodeintellicode
[2019-08-23 11:07:25.899] [sharedprocess] [info] Extensions installed successfully: visualstudioexptteam.vscodeintellicode
[2019-08-23 11:07:28.295] [sharedprocess] [info] Downloaded extension: vscodevim.vim /tmp/5494549e-5f16-4cd2-adca-326df257e054
[2019-08-23 11:07:28.578] [sharedprocess] [info] Downloaded extension: redhat.vscode-yaml /tmp/728eaf05-f7a6-4251-afa4-6a0cbde07317
[2019-08-23 11:07:29.721] [sharedprocess] [info] Extracted extension to /home/dalamar/.vscode/extensions/.redhat.vscode-yaml-0.5.1: redhat.vscode-yaml
[2019-08-23 11:07:29.721] [sharedprocess] [info] Renamed to /home/dalamar/.vscode/extensions/redhat.vscode-yaml-0.5.1
[2019-08-23 11:07:29.722] [sharedprocess] [info] Installation completed. redhat.vscode-yaml
[2019-08-23 11:07:29.733] [sharedprocess] [info] Extensions installed successfully: redhat.vscode-yaml
[2019-08-23 11:07:30.196] [sharedprocess] [info] Downloaded extension: ms-kubernetes-tools.vscode-kubernetes-tools /tmp/aab98711-2bca-4e73-aba7-30bad7150913
[2019-08-23 11:07:31.202] [sharedprocess] [info] Extracted extension to /home/dalamar/.vscode/extensions/.vscodevim.vim-1.9.0: vscodevim.vim
[2019-08-23 11:07:31.202] [sharedprocess] [info] Renamed to /home/dalamar/.vscode/extensions/vscodevim.vim-1.9.0
[2019-08-23 11:07:31.203] [sharedprocess] [info] Installation completed. vscodevim.vim
[2019-08-23 11:07:31.213] [sharedprocess] [info] Extensions installed successfully: vscodevim.vim
[2019-08-23 11:07:32.848] [sharedprocess] [info] Extracted extension to /home/dalamar/.vscode/extensions/.ms-kubernetes-tools.vscode-kubernetes-tools-1.0.2: ms-kubernetes-tools.vscode-kubernetes-tools
[2019-08-23 11:07:32.848] [sharedprocess] [info] Renamed to /home/dalamar/.vscode/extensions/ms-kubernetes-tools.vscode-kubernetes-tools-1.0.2
[2019-08-23 11:07:32.849] [sharedprocess] [info] Installation completed. ms-kubernetes-tools.vscode-kubernetes-tools
[2019-08-23 11:07:32.885] [sharedprocess] [info] Scanned user extensions: 13
[2019-08-23 11:07:32.891] [sharedprocess] [info] Scanned system extensions: 72
[2019-08-23 11:07:32.894] [sharedprocess] [info] Extensions installed successfully: ms-kubernetes-tools.vscode-kubernetes-tools
